<?xml version="1.0" encoding="UTF-8"?>
<!-- Generated by org.testng.reporters.JUnitReportReporter -->
<testsuite hostname="DESKTOP-JL0A3BS" failures="0" tests="1" name="test_case.T001_End_To_End_Test" time="13.913" errors="0" timestamp="2023-08-30T14:46:32 IST" skipped="0">
  <testcase classname="test_case.T001_End_To_End_Test" name="registration_test" time="13.913"/>
</testsuite> <!-- test_case.T001_End_To_End_Test -->
